
설정 확인:
- 입력 파일: 설문조사_전처리데이터_20250620_0731.xlsx
- 분석 컬럼: 협업 후기
- 출력 파일: 설문조사_전처리데이터_20250620_0731_processed.xlsx
- 최대 처리 행: 100
- 프로젝트 ID: mindmap-462708

원본 텍스트 분석 모드
테스트 모드: 상위 100개 행만 처리합니다.
총 100개 중 48개의 유효한 텍스트를 분석합니다...
배치 처리 모드 (배치 크기: 10)
분석 진행률:   0%|          | 0/48 [00:00<?, ?건/s]2025-06-27 17:04:16,040 - INFO - 텍스트 분석 완료: 11.26초
2025-06-27 17:04:16,750 - INFO - 텍스트 분석 완료: 11.98초
2025-06-27 17:04:17,251 - INFO - 텍스트 분석 완료: 12.48초
2025-06-27 17:04:18,979 - INFO - 텍스트 분석 완료: 2.23초
2025-06-27 17:04:24,054 - INFO - 텍스트 분석 완료: 19.27초
2025-06-27 17:04:24,685 - INFO - 텍스트 분석 완료: 8.64초
2025-06-27 17:04:26,834 - INFO - 텍스트 분석 완료: 7.85초
2025-06-27 17:04:27,274 - INFO - 텍스트 분석 완료: 22.49초
2025-06-27 17:04:27,505 - INFO - 텍스트 분석 완료: 10.25초
2025-06-27 17:04:30,382 - INFO - 텍스트 분석 완료: 6.33초
분석 진행률:  21%|██        | 10/48 [00:25<01:37,  2.56s/건]2025-06-27 17:04:36,058 - INFO - 텍스트 분석 완료: 5.17초
2025-06-27 17:04:36,920 - INFO - 텍스트 분석 완료: 6.03초
2025-06-27 17:04:37,490 - INFO - 텍스트 분석 완료: 6.59초
2025-06-27 17:04:39,326 - INFO - 텍스트 분석 완료: 8.43초
2025-06-27 17:04:43,767 - INFO - 텍스트 분석 완료: 6.85초
2025-06-27 17:04:44,765 - INFO - 텍스트 분석 완료: 5.44초
2025-06-27 17:04:45,068 - INFO - 텍스트 분석 완료: 14.17초
2025-06-27 17:04:45,644 - INFO - 텍스트 분석 완료: 8.15초
